2025-04-08 17:10:16,949 - INFO - Succesfully read the YAML file
2025-04-08 17:10:16,951 - INFO - Data Ingestion started with mlops-bucket-002 and file is  Hotel Reservations.csv
2025-04-08 17:10:16,957 - INFO - Succesfully read the YAML file
2025-04-08 17:10:16,957 - INFO - Loading training and testing data...
2025-04-08 17:10:17,030 - INFO - Data is loaded successfully
2025-04-08 17:10:17,219 - INFO - Data is loaded successfully
2025-04-08 17:10:17,220 - INFO - Starting data preprocessing...
2025-04-08 17:10:17,220 - INFO - Dropping some columns
2025-04-08 17:10:17,306 - INFO - Applying Label Encoding
2025-04-08 17:10:17,331 - INFO - Label Mappings are:
2025-04-08 17:10:17,331 - INFO - type_of_meal_plan: {'Meal Plan 1': np.int64(0), 'Meal Plan 2': np.int64(1), 'Meal Plan 3': np.int64(2), 'Not Selected': np.int64(3)}
2025-04-08 17:10:17,332 - INFO - required_car_parking_space: {np.int64(0): np.int64(0), np.int64(1): np.int64(1)}
2025-04-08 17:10:17,332 - INFO - room_type_reserved: {'Room_Type 1': np.int64(0), 'Room_Type 2': np.int64(1), 'Room_Type 4': np.int64(2), 'Room_Type 5': np.int64(3), 'Room_Type 6': np.int64(4), 'Room_Type 7': np.int64(5)}
2025-04-08 17:10:17,332 - INFO - market_segment_type: {'Aviation': np.int64(0), 'Complementary': np.int64(1), 'Corporate': np.int64(2), 'Offline': np.int64(3), 'Online': np.int64(4)}
2025-04-08 17:10:17,332 - INFO - repeated_guest: {np.int64(0): np.int64(0), np.int64(1): np.int64(1)}
2025-04-08 17:10:17,332 - INFO - booking_status: {'Canceled': np.int64(0), 'Not_Canceled': np.int64(1)}
2025-04-08 17:10:17,332 - INFO - Doing Skewness Handling
2025-04-08 17:10:17,342 - INFO - Starting data preprocessing...
2025-04-08 17:10:17,342 - INFO - Dropping some columns
2025-04-08 17:10:17,404 - INFO - Applying Label Encoding
2025-04-08 17:10:17,450 - INFO - Label Mappings are:
2025-04-08 17:10:17,450 - INFO - type_of_meal_plan: {'Meal Plan 1': np.int64(0), 'Meal Plan 2': np.int64(1), 'Meal Plan 3': np.int64(2), 'Not Selected': np.int64(3)}
2025-04-08 17:10:17,451 - INFO - required_car_parking_space: {np.int64(0): np.int64(0), np.int64(1): np.int64(1)}
2025-04-08 17:10:17,451 - INFO - room_type_reserved: {'Room_Type 1': np.int64(0), 'Room_Type 2': np.int64(1), 'Room_Type 3': np.int64(2), 'Room_Type 4': np.int64(3), 'Room_Type 5': np.int64(4), 'Room_Type 6': np.int64(5), 'Room_Type 7': np.int64(6)}
2025-04-08 17:10:17,451 - INFO - market_segment_type: {'Aviation': np.int64(0), 'Complementary': np.int64(1), 'Corporate': np.int64(2), 'Offline': np.int64(3), 'Online': np.int64(4)}
2025-04-08 17:10:17,451 - INFO - repeated_guest: {np.int64(0): np.int64(0), np.int64(1): np.int64(1)}
2025-04-08 17:10:17,451 - INFO - booking_status: {'Canceled': np.int64(0), 'Not_Canceled': np.int64(1)}
2025-04-08 17:10:17,451 - INFO - Doing Skewness Handling
2025-04-08 17:10:17,465 - INFO - Handling inbalanced using SMOTE
2025-04-08 17:10:17,995 - INFO - Data balancing completed successfully
2025-04-08 17:10:17,996 - INFO - Feature Selection
2025-04-08 17:10:20,797 - INFO - Top 10 features selected: ['lead_time' 'no_of_special_requests' 'avg_price_per_room' 'arrival_month'
 'arrival_date' 'market_segment_type' 'no_of_week_nights'
 'no_of_weekend_nights' 'type_of_meal_plan' 'no_of_adults']
2025-04-08 17:10:20,798 - ERROR - Error during feature selection: unhashable type: 'list'
2025-04-08 17:10:20,798 - ERROR - Error during data processing: 'TypeError' object has no attribute 'exc_info'
2025-04-08 17:14:06,841 - INFO - Succesfully read the YAML file
2025-04-08 17:14:06,842 - INFO - Data Ingestion started with mlops-bucket-002 and file is  Hotel Reservations.csv
2025-04-08 17:14:06,847 - INFO - Succesfully read the YAML file
2025-04-08 17:14:06,847 - INFO - Loading training and testing data...
2025-04-08 17:14:06,885 - INFO - Data is loaded successfully
2025-04-08 17:14:07,007 - INFO - Data is loaded successfully
2025-04-08 17:14:07,008 - INFO - Starting data preprocessing...
2025-04-08 17:14:07,008 - INFO - Dropping some columns
2025-04-08 17:14:07,024 - INFO - Applying Label Encoding
2025-04-08 17:14:07,041 - INFO - Label Mappings are:
2025-04-08 17:14:07,041 - INFO - type_of_meal_plan: {'Meal Plan 1': np.int64(0), 'Meal Plan 2': np.int64(1), 'Meal Plan 3': np.int64(2), 'Not Selected': np.int64(3)}
2025-04-08 17:14:07,041 - INFO - required_car_parking_space: {np.int64(0): np.int64(0), np.int64(1): np.int64(1)}
2025-04-08 17:14:07,041 - INFO - room_type_reserved: {'Room_Type 1': np.int64(0), 'Room_Type 2': np.int64(1), 'Room_Type 4': np.int64(2), 'Room_Type 5': np.int64(3), 'Room_Type 6': np.int64(4), 'Room_Type 7': np.int64(5)}
2025-04-08 17:14:07,041 - INFO - market_segment_type: {'Aviation': np.int64(0), 'Complementary': np.int64(1), 'Corporate': np.int64(2), 'Offline': np.int64(3), 'Online': np.int64(4)}
2025-04-08 17:14:07,041 - INFO - repeated_guest: {np.int64(0): np.int64(0), np.int64(1): np.int64(1)}
2025-04-08 17:14:07,041 - INFO - booking_status: {'Canceled': np.int64(0), 'Not_Canceled': np.int64(1)}
2025-04-08 17:14:07,041 - INFO - Doing Skewness Handling
2025-04-08 17:14:07,048 - INFO - Starting data preprocessing...
2025-04-08 17:14:07,049 - INFO - Dropping some columns
2025-04-08 17:14:07,092 - INFO - Applying Label Encoding
2025-04-08 17:14:07,131 - INFO - Label Mappings are:
2025-04-08 17:14:07,131 - INFO - type_of_meal_plan: {'Meal Plan 1': np.int64(0), 'Meal Plan 2': np.int64(1), 'Meal Plan 3': np.int64(2), 'Not Selected': np.int64(3)}
2025-04-08 17:14:07,132 - INFO - required_car_parking_space: {np.int64(0): np.int64(0), np.int64(1): np.int64(1)}
2025-04-08 17:14:07,132 - INFO - room_type_reserved: {'Room_Type 1': np.int64(0), 'Room_Type 2': np.int64(1), 'Room_Type 3': np.int64(2), 'Room_Type 4': np.int64(3), 'Room_Type 5': np.int64(4), 'Room_Type 6': np.int64(5), 'Room_Type 7': np.int64(6)}
2025-04-08 17:14:07,132 - INFO - market_segment_type: {'Aviation': np.int64(0), 'Complementary': np.int64(1), 'Corporate': np.int64(2), 'Offline': np.int64(3), 'Online': np.int64(4)}
2025-04-08 17:14:07,132 - INFO - repeated_guest: {np.int64(0): np.int64(0), np.int64(1): np.int64(1)}
2025-04-08 17:14:07,132 - INFO - booking_status: {'Canceled': np.int64(0), 'Not_Canceled': np.int64(1)}
2025-04-08 17:14:07,132 - INFO - Doing Skewness Handling
2025-04-08 17:14:07,140 - INFO - Handling inbalanced using SMOTE
2025-04-08 17:14:07,667 - INFO - Data balancing completed successfully
2025-04-08 17:14:07,667 - INFO - Feature Selection
2025-04-08 17:14:10,200 - INFO - Top 10 features selected: ['lead_time' 'no_of_special_requests' 'avg_price_per_room' 'arrival_month'
 'arrival_date' 'market_segment_type' 'no_of_week_nights'
 'no_of_weekend_nights' 'type_of_meal_plan' 'no_of_adults']
2025-04-08 17:14:10,202 - ERROR - Error during feature selection: unhashable type: 'list'
2025-04-08 17:14:10,202 - ERROR - Error during data processing: 'TypeError' object has no attribute 'exc_info'
2025-04-08 17:15:00,808 - INFO - Succesfully read the YAML file
2025-04-08 17:15:00,809 - INFO - Data Ingestion started with mlops-bucket-002 and file is  Hotel Reservations.csv
2025-04-08 17:15:00,814 - INFO - Succesfully read the YAML file
2025-04-08 17:15:00,814 - INFO - Loading training and testing data...
2025-04-08 17:15:00,853 - INFO - Data is loaded successfully
2025-04-08 17:15:00,979 - INFO - Data is loaded successfully
2025-04-08 17:15:00,979 - INFO - Starting data preprocessing...
2025-04-08 17:15:00,979 - INFO - Dropping some columns
2025-04-08 17:15:00,995 - INFO - Applying Label Encoding
2025-04-08 17:15:01,048 - INFO - Label Mappings are:
2025-04-08 17:15:01,048 - INFO - type_of_meal_plan: {'Meal Plan 1': np.int64(0), 'Meal Plan 2': np.int64(1), 'Meal Plan 3': np.int64(2), 'Not Selected': np.int64(3)}
2025-04-08 17:15:01,048 - INFO - required_car_parking_space: {np.int64(0): np.int64(0), np.int64(1): np.int64(1)}
2025-04-08 17:15:01,048 - INFO - room_type_reserved: {'Room_Type 1': np.int64(0), 'Room_Type 2': np.int64(1), 'Room_Type 4': np.int64(2), 'Room_Type 5': np.int64(3), 'Room_Type 6': np.int64(4), 'Room_Type 7': np.int64(5)}
2025-04-08 17:15:01,048 - INFO - market_segment_type: {'Aviation': np.int64(0), 'Complementary': np.int64(1), 'Corporate': np.int64(2), 'Offline': np.int64(3), 'Online': np.int64(4)}
2025-04-08 17:15:01,048 - INFO - repeated_guest: {np.int64(0): np.int64(0), np.int64(1): np.int64(1)}
2025-04-08 17:15:01,049 - INFO - booking_status: {'Canceled': np.int64(0), 'Not_Canceled': np.int64(1)}
2025-04-08 17:15:01,049 - INFO - Doing Skewness Handling
2025-04-08 17:15:01,055 - INFO - Starting data preprocessing...
2025-04-08 17:15:01,055 - INFO - Dropping some columns
2025-04-08 17:15:01,098 - INFO - Applying Label Encoding
2025-04-08 17:15:01,137 - INFO - Label Mappings are:
2025-04-08 17:15:01,137 - INFO - type_of_meal_plan: {'Meal Plan 1': np.int64(0), 'Meal Plan 2': np.int64(1), 'Meal Plan 3': np.int64(2), 'Not Selected': np.int64(3)}
2025-04-08 17:15:01,137 - INFO - required_car_parking_space: {np.int64(0): np.int64(0), np.int64(1): np.int64(1)}
2025-04-08 17:15:01,137 - INFO - room_type_reserved: {'Room_Type 1': np.int64(0), 'Room_Type 2': np.int64(1), 'Room_Type 3': np.int64(2), 'Room_Type 4': np.int64(3), 'Room_Type 5': np.int64(4), 'Room_Type 6': np.int64(5), 'Room_Type 7': np.int64(6)}
2025-04-08 17:15:01,138 - INFO - market_segment_type: {'Aviation': np.int64(0), 'Complementary': np.int64(1), 'Corporate': np.int64(2), 'Offline': np.int64(3), 'Online': np.int64(4)}
2025-04-08 17:15:01,138 - INFO - repeated_guest: {np.int64(0): np.int64(0), np.int64(1): np.int64(1)}
2025-04-08 17:15:01,138 - INFO - booking_status: {'Canceled': np.int64(0), 'Not_Canceled': np.int64(1)}
2025-04-08 17:15:01,138 - INFO - Doing Skewness Handling
2025-04-08 17:15:01,146 - INFO - Handling inbalanced using SMOTE
2025-04-08 17:15:01,644 - INFO - Data balancing completed successfully
2025-04-08 17:15:01,646 - INFO - Feature Selection
2025-04-08 17:15:04,371 - INFO - Top 10 features selected: ['lead_time' 'no_of_special_requests' 'avg_price_per_room' 'arrival_month'
 'arrival_date' 'market_segment_type' 'no_of_week_nights'
 'no_of_weekend_nights' 'type_of_meal_plan' 'no_of_adults']
2025-04-08 17:15:04,373 - INFO - Feature Selection completed successfully
2025-04-08 17:15:04,381 - INFO - Saving processed data...
2025-04-08 17:15:04,497 - INFO - Processed data saved to artifacts/preprocessing\processed_train.csv
2025-04-08 17:15:04,497 - INFO - Saving processed data...
2025-04-08 17:15:04,653 - INFO - Processed data saved to artifacts/preprocessing\processed_test.csv
2025-04-08 17:15:04,654 - INFO - Data processing completed successfully
2025-04-08 17:15:04,660 - INFO - Succesfully read the YAML file
2025-04-08 17:15:07,492 - INFO - Starting model training pipeline
2025-04-08 17:15:07,492 - INFO - Starting our  MLFLOW experimentation
2025-04-08 17:15:07,492 - INFO - Logging the training and testing dataset into MLFLOW
2025-04-08 17:15:07,515 - INFO - Loading data from artifacts/preprocessing\processed_train.csv
2025-04-08 17:15:07,569 - INFO - Data is loaded successfully
2025-04-08 17:15:07,570 - INFO - Loading data from artifacts/preprocessing\processed_test.csv
2025-04-08 17:15:07,636 - INFO - Data is loaded successfully
2025-04-08 17:15:07,640 - INFO - Data loaded and splitted for model training.
2025-04-08 17:15:07,641 - INFO - Initiating model training
2025-04-08 17:15:07,641 - INFO - Starting hyperparameter tuning
2025-04-08 17:15:07,641 - INFO - Fitting the model
2025-04-08 17:15:16,392 - INFO - Hyperarameter tuning completed successfully
2025-04-08 17:15:16,393 - INFO - Best parameters found: {'boosting_type': 'gbdt', 'learning_rate': np.float64(0.1293700315892974), 'max_depth': 23, 'n_estimators': 314, 'num_leaves': 94}
2025-04-08 17:15:16,393 - INFO - Evaluating the model
2025-04-08 17:15:16,502 - INFO - Predictions made successfully
2025-04-08 17:15:16,510 - INFO - Accuracy: 0.8381470367591898
2025-04-08 17:15:16,510 - INFO - Precision: 0.8381314092647867
2025-04-08 17:15:16,510 - INFO - Recall: 0.8381470367591898
2025-04-08 17:15:16,510 - INFO - F1 Score: 0.8381392147899943
2025-04-08 17:15:16,510 - INFO - Model evaluation completed successfully
2025-04-08 17:15:16,510 - INFO - Saving the model
2025-04-08 17:15:16,604 - INFO - Model saved to artifacts/models/lgbm_model.pkl
2025-04-08 17:15:16,604 - INFO - Logging the model into MLFLOW
2025-04-08 17:15:16,608 - INFO - Logging the model parameters into MLFLOW
2025-04-08 17:15:16,631 - INFO - Logging the model metrics into MLFLOW
2025-04-08 17:15:16,638 - INFO - Model training pipeline completed successfully
