2025-03-31 16:56:35,497 - INFO - Succesfully read the YAML file
2025-03-31 16:56:35,498 - INFO - Data Ingestion started with mlops-bucket-002 and file is  Hotel Reservations.csv
2025-03-31 16:56:35,499 - INFO - Starting data ingestion process
2025-03-31 16:56:38,693 - INFO - CSV file is sucesfully downloaded to artifacts/raw\raw.csv
2025-03-31 16:56:38,694 - INFO - Starting the splitting process
2025-03-31 16:56:39,517 - INFO - Train data saved to artifacts/raw\train.csv
2025-03-31 16:56:39,518 - INFO - Test data saved to artifacts/raw\test.csv
2025-03-31 16:56:39,523 - INFO - Data Ingestion Completed
2025-03-31 17:00:31,240 - INFO - Succesfully read the YAML file
2025-03-31 17:00:31,241 - INFO - Data Ingestion started with mlops-bucket-002 and file is  Hotel Reservations.csv
2025-03-31 17:00:31,241 - INFO - Starting data ingestion process
2025-03-31 17:00:34,360 - INFO - CSV file is sucesfully downloaded to artifacts/raw\raw.csv
2025-03-31 17:00:34,360 - INFO - Starting the splitting process
2025-03-31 17:00:35,163 - INFO - Train data saved to artifacts/raw\train.csv
2025-03-31 17:00:35,163 - INFO - Test data saved to artifacts/raw\test.csv
2025-03-31 17:00:35,171 - INFO - Data Ingestion Completed
2025-03-31 17:02:13,061 - INFO - Succesfully read the YAML file
2025-03-31 17:02:13,063 - INFO - Data Ingestion started with mlops-bucket-002 and file is  Hotel Reservations.csv
2025-03-31 17:02:13,063 - INFO - Starting data ingestion process
2025-03-31 17:02:15,401 - INFO - CSV file is sucesfully downloaded to artifacts/raw\raw.csv
2025-03-31 17:02:15,402 - INFO - Starting the splitting process
2025-03-31 17:02:16,479 - INFO - Train data saved to artifacts/raw\train.csv
2025-03-31 17:02:16,479 - INFO - Test data saved to artifacts/raw\test.csv
2025-03-31 17:02:16,486 - INFO - Data Ingestion completed succesfully
2025-03-31 17:02:16,487 - INFO - Data Ingestion Completed
