2025-03-27 20:51:49,362 - INFO - Succesfully read the YAML file
2025-03-27 20:51:49,363 - INFO - Data Ingestion started with mlops-bucket-002 and file is Hotel Reservations.csv
2025-03-27 20:51:49,364 - INFO - Starting data ingestion process
2025-03-27 20:51:52,388 - WARNING - Compute Engine Metadata server unavailable on attempt 1 of 3. Reason: timed out
2025-03-27 20:51:56,448 - WARNING - Compute Engine Metadata server unavailable on attempt 2 of 3. Reason: timed out
2025-03-27 20:52:01,351 - WARNING - Compute Engine Metadata server unavailable on attempt 3 of 3. Reason: timed out
2025-03-27 20:52:01,352 - WARNING - Authentication failed using Compute Engine authentication due to unavailable metadata server.
2025-03-27 20:52:01,352 - ERROR - Error while downloading the Hotel Reservations.csv file
2025-03-27 20:52:01,352 - INFO - Data Ingestion Completed
2025-03-27 20:58:55,067 - INFO - Succesfully read the YAML file
2025-03-27 20:58:55,067 - INFO - Data Ingestion started with mlops-bucket-002 and file is  Hotel Reservations.csv
2025-03-27 20:58:55,068 - INFO - Starting data ingestion process
2025-03-27 20:58:58,089 - WARNING - Compute Engine Metadata server unavailable on attempt 1 of 3. Reason: timed out
2025-03-27 20:59:02,027 - WARNING - Compute Engine Metadata server unavailable on attempt 2 of 3. Reason: timed out
2025-03-27 20:59:06,850 - WARNING - Compute Engine Metadata server unavailable on attempt 3 of 3. Reason: timed out
2025-03-27 20:59:06,850 - WARNING - Authentication failed using Compute Engine authentication due to unavailable metadata server.
2025-03-27 20:59:06,851 - ERROR - Error while downloading the csv file
2025-03-27 20:59:06,851 - INFO - Data Ingestion Completed
2025-03-27 21:03:15,793 - INFO - Succesfully read the YAML file
2025-03-27 21:03:15,794 - INFO - Data Ingestion started with mlops-bucket-002 and file is  Hotel Reservations.csv
2025-03-27 21:03:15,795 - INFO - Starting data ingestion process
2025-03-27 21:03:18,815 - WARNING - Compute Engine Metadata server unavailable on attempt 1 of 3. Reason: timed out
2025-03-27 21:03:22,914 - WARNING - Compute Engine Metadata server unavailable on attempt 2 of 3. Reason: timed out
2025-03-27 21:03:28,096 - WARNING - Compute Engine Metadata server unavailable on attempt 3 of 3. Reason: timed out
2025-03-27 21:03:28,096 - WARNING - Authentication failed using Compute Engine authentication due to unavailable metadata server.
2025-03-27 21:03:28,097 - ERROR - Error while downloading the csv file
2025-03-27 21:03:28,097 - INFO - Data Ingestion Completed
2025-03-27 21:06:05,299 - INFO - Succesfully read the YAML file
2025-03-27 21:06:05,300 - INFO - Data Ingestion started with mlops-bucket-002 and file is  Hotel Reservations.csv
2025-03-27 21:06:05,301 - INFO - Starting data ingestion process
2025-03-27 21:06:08,314 - WARNING - Compute Engine Metadata server unavailable on attempt 1 of 3. Reason: timed out
2025-03-27 21:06:12,342 - WARNING - Compute Engine Metadata server unavailable on attempt 2 of 3. Reason: timed out
2025-03-27 21:06:17,515 - WARNING - Compute Engine Metadata server unavailable on attempt 3 of 3. Reason: timed out
2025-03-27 21:06:17,515 - WARNING - Authentication failed using Compute Engine authentication due to unavailable metadata server.
2025-03-27 21:06:17,515 - ERROR - Error while downloading the csv file
2025-03-27 21:06:17,516 - INFO - Data Ingestion Completed
2025-03-27 21:07:10,940 - INFO - Succesfully read the YAML file
2025-03-27 21:07:10,941 - INFO - Data Ingestion started with mlops-bucket-002 and file is  Hotel Reservations.csv
2025-03-27 21:07:10,941 - INFO - Starting data ingestion process
2025-03-27 21:07:14,455 - INFO - CSV file is sucesfully downloaded to artifacts/raw\raw.csv
2025-03-27 21:07:14,455 - INFO - Starting the splitting process
2025-03-27 21:07:15,237 - INFO - Train data saved to artifacts/raw\train.csv
2025-03-27 21:07:15,238 - INFO - Test data saved to artifacts/raw\test.csv
2025-03-27 21:07:15,244 - INFO - Data Ingestion Completed
